2021-06-29 11:24:11,571 - main(): Input URL is http://tds.renci.org:8080/thredds/fileServer/2021/nam/2021010500/hsofs/hatteras.renci.org/hsofs-nam-bob-2021/namforecast
2021-06-29 11:24:11,571 - main(): OutputDir is ./input
2021-06-29 11:24:11,584 - getDataFile(): HTTP Error 404: Not Found
2021-06-29 11:24:11,588 - getDataFile(): HTTP Error 404: Not Found
2021-06-29 11:24:11,592 - getDataFile(): HTTP Error 404: Not Found
2021-06-29 11:24:11,596 - getDataFile(): HTTP Error 404: Not Found
2021-06-29 11:24:11,596 - main(): Finished moving 4 files 
2021-06-29 11:24:44,301 - main(): Input URL is http://tds.renci.org:8080/thredds/fileServer/2021/nam/2021010500/hsofs/hatteras.renci.org/hsofs-nam-bob-2021/namforecast/
2021-06-29 11:24:44,301 - main(): OutputDir is ./input
2021-06-29 11:24:44,313 - getDataFile(): HTTP Error 404: Not Found
2021-06-29 11:24:44,317 - getDataFile(): HTTP Error 404: Not Found
2021-06-29 11:24:44,321 - getDataFile(): HTTP Error 404: Not Found
2021-06-29 11:24:44,325 - getDataFile(): HTTP Error 404: Not Found
2021-06-29 11:24:44,326 - main(): Finished moving 4 files 
2021-06-29 11:25:40,754 - main(): Input URL is http://tds.renci.org:8080/thredds/dodsC/2021/nam/2021060912/ec95d/hatteras.renci.org/ec95d-nam-bob-postNowcast/namforecast/
2021-06-29 11:25:40,754 - main(): OutputDir is ./input
2021-06-29 11:25:40,761 - getDataFile(): HTTP Error 400: Bad Request
2021-06-29 11:25:40,763 - getDataFile(): HTTP Error 400: Bad Request
2021-06-29 11:25:40,766 - getDataFile(): HTTP Error 400: Bad Request
2021-06-29 11:25:40,768 - getDataFile(): HTTP Error 400: Bad Request
2021-06-29 11:25:40,769 - main(): Finished moving 4 files 
2021-06-29 11:28:00,384 - main(): Input URL is http://tds.renci.org:8080/thredds/dodsC/2021/nam/2021060912/ec95d/hatteras.renci.org/ec95d-nam-bob-postNowcast/namforecast/
2021-06-29 11:28:00,384 - main(): OutputDir is ./input
2021-06-29 11:28:00,391 - getDataFile(): HTTP Error 400: Bad Request
2021-06-29 11:28:00,395 - getDataFile(): HTTP Error 400: Bad Request
2021-06-29 11:28:00,398 - getDataFile(): HTTP Error 400: Bad Request
2021-06-29 11:28:00,401 - getDataFile(): HTTP Error 400: Bad Request
2021-06-29 11:28:00,402 - main(): Finished moving 4 files 
2021-06-29 11:33:01,934 - main(): Input URL is http://tds.renci.org:8080/thredds/fileServer/2021/nam/2021011000/hsofs/hatteras.renci.org/hsofs-nam-bob-2021/namforecast/
2021-06-29 11:33:01,934 - main(): OutputDir is ./input
2021-06-29 11:33:01,944 - getDataFile(): HTTP Error 404: Not Found
2021-06-29 11:33:01,947 - getDataFile(): HTTP Error 404: Not Found
2021-06-29 11:33:01,951 - getDataFile(): HTTP Error 404: Not Found
2021-06-29 11:33:01,954 - getDataFile(): HTTP Error 404: Not Found
2021-06-29 11:33:01,955 - main(): Finished moving 4 files 
2021-06-29 11:34:24,771 - main(): Input URL is http://tds.renci.org:8080/thredds/fileServer/2021/nam/2021050300/hsofs/hatteras.renci.org/hsofs-nam-bob-2021/namforecast/
2021-06-29 11:34:24,771 - main(): OutputDir is ./input
2021-06-29 11:34:32,395 - main(): Finished moving 4 files 
2021-06-29 11:35:17,845 - main(): Input URL is http://tds.renci.org:8080/thredds/fileServer/2021/nam/2021062906/hsofs/hatteras.renci.org/hsofs-nam-bob-2021/namforecast/
2021-06-29 11:35:17,845 - main(): OutputDir is ./input
2021-06-29 11:35:24,411 - main(): Finished moving 4 files 
2021-06-29 11:35:48,386 - main(): Input URL is http://tds.renci.org:8080/thredds/fileServer/2021/nam/2021062912/hsofs/hatteras.renci.org/hsofs-nam-bob-2021/namforecast/
2021-06-29 11:35:48,386 - main(): OutputDir is ./input
2021-06-29 11:35:48,395 - getDataFile(): HTTP Error 404: Not Found
2021-06-29 11:35:48,399 - getDataFile(): HTTP Error 404: Not Found
2021-06-29 11:35:48,403 - getDataFile(): HTTP Error 404: Not Found
2021-06-29 11:35:48,406 - getDataFile(): HTTP Error 404: Not Found
2021-06-29 11:35:48,406 - main(): Finished moving 4 files 
2021-06-29 11:38:44,987 - main(): Input URL is http://tds.renci.org:8080/thredds/fileServer/2021/nam/2021062906/hsofs/hatteras.renci.org/hsofs-nam-bob-2021/namforecast/
2021-06-29 11:38:44,987 - main(): OutputDir is ./input
2021-06-29 11:38:51,394 - main(): Finished moving 4 files 
2021-07-17 11:24:30,127 - main(): Input URL is http://tds.renci.org:8080/thredds/fileServer/2021/nam/2021010500/hsofs/hatteras.renci.org/hsofs-nam-bob-2021/namforecast
2021-07-17 11:24:30,127 - main(): OutputDir is ./input
2021-07-17 11:24:30,149 - getDataFile(): HTTP Error 404: Not Found
2021-07-17 11:24:30,156 - getDataFile(): HTTP Error 404: Not Found
2021-07-17 11:24:30,165 - getDataFile(): HTTP Error 404: Not Found
2021-07-17 11:24:30,173 - getDataFile(): HTTP Error 404: Not Found
2021-07-17 11:24:30,174 - main(): Finished moving 4 files 
2021-07-17 11:25:57,635 - main(): Input URL is http://tds.renci.org:8080/thredds/dodsC/2021/nam/2021060912/ec95d/hatteras.renci.org/ec95d-nam-bob-postNowcast/namforecast
2021-07-17 11:25:57,635 - main(): OutputDir is ./input
2021-07-17 11:25:57,649 - getDataFile(): HTTP Error 400: Bad Request
2021-07-17 11:25:57,657 - getDataFile(): HTTP Error 400: Bad Request
2021-07-17 11:25:57,664 - getDataFile(): HTTP Error 400: Bad Request
2021-07-17 11:25:57,672 - getDataFile(): HTTP Error 400: Bad Request
2021-07-17 11:25:57,673 - main(): Finished moving 4 files 
2021-07-17 11:51:58,988 - main(): Input URL is http://tds.renci.org:8080/thredds/fileServer/2021/nam/2021061000/ec95d/hatteras.renci.org/ec95d-nam-bob-rptest/namforecast
2021-07-17 11:51:58,989 - main(): OutputDir is ./input
2021-07-17 11:51:59,310 - main(): Finished moving 4 files 
